TN:
SF:src\Components\Button\Button.tsx
FN:9,Button
FN:12,onClick
FNF:2
FNH:2
FNDA:2,Button
FNDA:1,onClick
DA:1,1
DA:2,1
DA:3,1
DA:4,1
DA:5,1
DA:6,1
DA:7,1
DA:8,1
DA:9,1
DA:10,2
DA:11,2
DA:12,2
DA:13,2
DA:14,2
DA:15,2
DA:16,2
DA:17,2
DA:18,2
DA:19,1
DA:20,1
LF:20
LH:20
BRDA:9,0,0,2
BRDA:13,1,0,0
BRDA:12,2,0,1
BRF:3
BRH:2
end_of_record
TN:
SF:src\Components\Tasks\Tasks.tsx
FN:12,Tasks
FN:16,handleClick
FNF:2
FNH:2
FNDA:2,Tasks
FNDA:1,handleClick
DA:1,1
DA:2,1
DA:3,1
DA:4,1
DA:5,1
DA:6,1
DA:7,1
DA:8,1
DA:9,1
DA:10,1
DA:11,1
DA:12,1
DA:13,2
DA:14,2
DA:15,2
DA:16,2
DA:17,1
DA:18,1
DA:19,1
DA:20,1
DA:21,1
DA:22,1
DA:23,1
DA:24,0
DA:25,0
DA:26,1
DA:27,2
DA:28,2
DA:29,2
DA:30,2
DA:31,2
DA:32,2
DA:33,2
DA:34,2
DA:35,2
DA:36,2
DA:37,1
DA:38,2
DA:39,2
DA:40,2
DA:41,2
DA:42,2
DA:43,2
DA:44,2
DA:45,2
DA:46,2
DA:47,2
DA:48,2
DA:49,1
DA:50,1
LF:50
LH:48
BRDA:12,0,0,2
BRDA:36,1,0,1
BRDA:16,2,0,1
BRDA:19,3,0,1
BRDA:37,4,0,2
BRDA:39,5,0,0
BRF:6
BRH:5
end_of_record
